<?xml version="1.0" encoding="UTF-8"?>
<testng-results skipped="1" failed="0" ignored="0" total="10" passed="9">
  <reporter-output>
  </reporter-output>
  <suite name="FREE CRM Application Test Automation Test Suite" duration-ms="141858" started-at="2020-03-24T20:34:43Z" finished-at="2020-03-24T20:37:05Z">
    <groups>
    </groups>
    <test name="Free CRM App Test Cases" duration-ms="141858" started-at="2020-03-24T20:34:43Z" finished-at="2020-03-24T20:37:05Z">
      <class name="com.crm.qa.testcases.HomePageTest">
        <test-method status="PASS" signature="setUp()[pri:0, instance:com.crm.qa.testcases.HomePageTest@6093dd95]" name="setUp" is-config="true" duration-ms="11487" started-at="2020-03-24T20:34:56Z" finished-at="2020-03-24T20:35:08Z">
          <reporter-output>
          </reporter-output>
        </test-method> <!-- setUp -->
        <test-method status="PASS" signature="verifyHomePageTitleTest()[pri:1, instance:com.crm.qa.testcases.HomePageTest@6093dd95]" name="verifyHomePageTitleTest" duration-ms="101" started-at="2020-03-24T20:35:08Z" finished-at="2020-03-24T20:35:08Z">
          <reporter-output>
          </reporter-output>
        </test-method> <!-- verifyHomePageTitleTest -->
        <test-method status="PASS" signature="tearDown()[pri:0, instance:com.crm.qa.testcases.HomePageTest@6093dd95]" name="tearDown" is-config="true" duration-ms="3583" started-at="2020-03-24T20:35:08Z" finished-at="2020-03-24T20:35:11Z">
          <reporter-output>
          </reporter-output>
        </test-method> <!-- tearDown -->
        <test-method status="PASS" signature="setUp()[pri:0, instance:com.crm.qa.testcases.HomePageTest@6093dd95]" name="setUp" is-config="true" duration-ms="10242" started-at="2020-03-24T20:35:42Z" finished-at="2020-03-24T20:35:53Z">
          <reporter-output>
          </reporter-output>
        </test-method> <!-- setUp -->
        <test-method status="PASS" signature="verifyUserNameTest()[pri:2, instance:com.crm.qa.testcases.HomePageTest@6093dd95]" name="verifyUserNameTest" duration-ms="2873" started-at="2020-03-24T20:35:53Z" finished-at="2020-03-24T20:35:55Z">
          <reporter-output>
          </reporter-output>
        </test-method> <!-- verifyUserNameTest -->
        <test-method status="PASS" signature="tearDown()[pri:0, instance:com.crm.qa.testcases.HomePageTest@6093dd95]" name="tearDown" is-config="true" duration-ms="2588" started-at="2020-03-24T20:35:55Z" finished-at="2020-03-24T20:35:58Z">
          <reporter-output>
          </reporter-output>
        </test-method> <!-- tearDown -->
        <test-method status="PASS" signature="setUp()[pri:0, instance:com.crm.qa.testcases.HomePageTest@6093dd95]" name="setUp" is-config="true" duration-ms="10665" started-at="2020-03-24T20:36:29Z" finished-at="2020-03-24T20:36:40Z">
          <reporter-output>
          </reporter-output>
        </test-method> <!-- setUp -->
        <test-method status="PASS" signature="verifyContactsLinkTest()[pri:3, instance:com.crm.qa.testcases.HomePageTest@6093dd95]" name="verifyContactsLinkTest" duration-ms="4276" started-at="2020-03-24T20:36:40Z" finished-at="2020-03-24T20:36:44Z">
          <reporter-output>
          </reporter-output>
        </test-method> <!-- verifyContactsLinkTest -->
        <test-method status="PASS" signature="tearDown()[pri:0, instance:com.crm.qa.testcases.HomePageTest@6093dd95]" name="tearDown" is-config="true" duration-ms="1793" started-at="2020-03-24T20:36:44Z" finished-at="2020-03-24T20:36:46Z">
          <reporter-output>
          </reporter-output>
        </test-method> <!-- tearDown -->
      </class> <!-- com.crm.qa.testcases.HomePageTest -->
      <class name="com.crm.qa.testcases.ContactsPageTest">
        <test-method status="PASS" signature="setUp()[pri:0, instance:com.crm.qa.testcases.ContactsPageTest@5622fdf]" name="setUp" is-config="true" duration-ms="16572" started-at="2020-03-24T20:35:11Z" finished-at="2020-03-24T20:35:28Z">
          <reporter-output>
          </reporter-output>
        </test-method> <!-- setUp -->
        <test-method status="PASS" signature="verifyContactsPageLabel()[pri:1, instance:com.crm.qa.testcases.ContactsPageTest@5622fdf]" name="verifyContactsPageLabel" duration-ms="223" started-at="2020-03-24T20:35:28Z" finished-at="2020-03-24T20:35:28Z">
          <reporter-output>
          </reporter-output>
        </test-method> <!-- verifyContactsPageLabel -->
        <test-method status="PASS" signature="tearDown()[pri:0, instance:com.crm.qa.testcases.ContactsPageTest@5622fdf]" name="tearDown" is-config="true" duration-ms="2479" started-at="2020-03-24T20:35:28Z" finished-at="2020-03-24T20:35:31Z">
          <reporter-output>
          </reporter-output>
        </test-method> <!-- tearDown -->
        <test-method status="PASS" signature="setUp()[pri:0, instance:com.crm.qa.testcases.ContactsPageTest@5622fdf]" name="setUp" is-config="true" duration-ms="15196" started-at="2020-03-24T20:35:58Z" finished-at="2020-03-24T20:36:13Z">
          <reporter-output>
          </reporter-output>
        </test-method> <!-- setUp -->
        <test-method status="PASS" signature="selectSingleContactsTest()[pri:2, instance:com.crm.qa.testcases.ContactsPageTest@5622fdf]" name="selectSingleContactsTest" duration-ms="352" started-at="2020-03-24T20:36:13Z" finished-at="2020-03-24T20:36:14Z">
          <reporter-output>
          </reporter-output>
        </test-method> <!-- selectSingleContactsTest -->
        <test-method status="PASS" signature="tearDown()[pri:0, instance:com.crm.qa.testcases.ContactsPageTest@5622fdf]" name="tearDown" is-config="true" duration-ms="2476" started-at="2020-03-24T20:36:14Z" finished-at="2020-03-24T20:36:16Z">
          <reporter-output>
          </reporter-output>
        </test-method> <!-- tearDown -->
        <test-method status="PASS" signature="setUp()[pri:0, instance:com.crm.qa.testcases.ContactsPageTest@5622fdf]" name="setUp" is-config="true" duration-ms="14734" started-at="2020-03-24T20:36:46Z" finished-at="2020-03-24T20:37:00Z">
          <reporter-output>
          </reporter-output>
        </test-method> <!-- setUp -->
        <test-method status="PASS" signature="selectMultipleContactsTest()[pri:3, instance:com.crm.qa.testcases.ContactsPageTest@5622fdf]" name="selectMultipleContactsTest" duration-ms="660" started-at="2020-03-24T20:37:00Z" finished-at="2020-03-24T20:37:01Z">
          <reporter-output>
          </reporter-output>
        </test-method> <!-- selectMultipleContactsTest -->
        <test-method status="PASS" signature="tearDown()[pri:0, instance:com.crm.qa.testcases.ContactsPageTest@5622fdf]" name="tearDown" is-config="true" duration-ms="2407" started-at="2020-03-24T20:37:01Z" finished-at="2020-03-24T20:37:03Z">
          <reporter-output>
          </reporter-output>
        </test-method> <!-- tearDown -->
        <test-method status="SKIP" signature="validateCreateNewContact(java.lang.String, java.lang.String, java.lang.String, java.lang.String)[pri:4, instance:com.crm.qa.testcases.ContactsPageTest@5622fdf]" name="validateCreateNewContact" duration-ms="0" started-at="2020-03-24T20:37:05Z" data-provider="getCRMTestData" finished-at="2020-03-24T20:37:05Z">
          <exception class="java.lang.RuntimeException">
            <message>
              <![CDATA[java.lang.NullPointerException]]>
            </message>
            <full-stacktrace>
              <![CDATA[java.lang.RuntimeException: java.lang.NullPointerException
at org.testng.internal.MethodInvocationHelper.invokeMethodNoCheckedException(MethodInvocationHelper.java:49)
at org.testng.internal.MethodInvocationHelper.invokeDataProvider(MethodInvocationHelper.java:131)
at org.testng.internal.Parameters.handleParameters(Parameters.java:706)
at org.testng.internal.ParameterHandler.handleParameters(ParameterHandler.java:49)
at org.testng.internal.ParameterHandler.createParameters(ParameterHandler.java:37)
at org.testng.internal.Invoker.invokeTestMethods(Invoker.java:924)
at org.testng.internal.TestMethodWorker.invokeTestMethods(TestMethodWorker.java:125)
at org.testng.internal.TestMethodWorker.run(TestMethodWorker.java:109)
at org.testng.TestRunner.privateRun(TestRunner.java:648)
at org.testng.TestRunner.run(TestRunner.java:505)
at org.testng.SuiteRunner.runTest(SuiteRunner.java:455)
at org.testng.SuiteRunner.runSequentially(SuiteRunner.java:450)
at org.testng.SuiteRunner.privateRun(SuiteRunner.java:415)
at org.testng.SuiteRunner.run(SuiteRunner.java:364)
at org.testng.SuiteRunnerWorker.runSuite(SuiteRunnerWorker.java:52)
at org.testng.SuiteRunnerWorker.run(SuiteRunnerWorker.java:84)
at org.testng.TestNG.runSuitesSequentially(TestNG.java:1208)
at org.testng.TestNG.runSuitesLocally(TestNG.java:1137)
at org.testng.TestNG.runSuites(TestNG.java:1049)
at org.testng.TestNG.run(TestNG.java:1017)
at org.testng.remote.AbstractRemoteTestNG.run(AbstractRemoteTestNG.java:115)
at org.testng.remote.RemoteTestNG.initAndRun(RemoteTestNG.java:251)
at org.testng.remote.RemoteTestNG.main(RemoteTestNG.java:77)
Caused by: java.lang.NullPointerException
at com.crm.qa.utilities.TestUtil.getTestData(TestUtil.java:57)
at com.crm.qa.testcases.ContactsPageTest.getCRMTestData(ContactsPageTest.java:61)
at sun.reflect.NativeMethodAccessorImpl.invoke0(Native Method)
at sun.reflect.NativeMethodAccessorImpl.invoke(Unknown Source)
at sun.reflect.DelegatingMethodAccessorImpl.invoke(Unknown Source)
at java.lang.reflect.Method.invoke(Unknown Source)
at org.testng.internal.MethodInvocationHelper.invokeMethod(MethodInvocationHelper.java:124)
at org.testng.internal.MethodInvocationHelper.invokeMethod(MethodInvocationHelper.java:74)
at org.testng.internal.MethodInvocationHelper.invokeMethodNoCheckedException(MethodInvocationHelper.java:45)
... 22 more
]]>
            </full-stacktrace>
          </exception> <!-- java.lang.RuntimeException -->
          <reporter-output>
          </reporter-output>
        </test-method> <!-- validateCreateNewContact -->
      </class> <!-- com.crm.qa.testcases.ContactsPageTest -->
      <class name="com.crm.qa.testcases.LoginPageTest">
        <test-method status="PASS" signature="setUp()[pri:0, instance:com.crm.qa.testcases.LoginPageTest@6d4b1c02]" name="setUp" is-config="true" duration-ms="11247" started-at="2020-03-24T20:34:43Z" finished-at="2020-03-24T20:34:54Z">
          <reporter-output>
          </reporter-output>
        </test-method> <!-- setUp -->
        <test-method status="PASS" signature="loginPageTitleTest()[pri:1, instance:com.crm.qa.testcases.LoginPageTest@6d4b1c02]" name="loginPageTitleTest" duration-ms="16" started-at="2020-03-24T20:34:54Z" finished-at="2020-03-24T20:34:54Z">
          <reporter-output>
          </reporter-output>
        </test-method> <!-- loginPageTitleTest -->
        <test-method status="PASS" signature="tearDown()[pri:0, instance:com.crm.qa.testcases.LoginPageTest@6d4b1c02]" name="tearDown" is-config="true" duration-ms="2144" started-at="2020-03-24T20:34:54Z" finished-at="2020-03-24T20:34:56Z">
          <reporter-output>
          </reporter-output>
        </test-method> <!-- tearDown -->
        <test-method status="PASS" signature="setUp()[pri:0, instance:com.crm.qa.testcases.LoginPageTest@6d4b1c02]" name="setUp" is-config="true" duration-ms="8686" started-at="2020-03-24T20:35:31Z" finished-at="2020-03-24T20:35:39Z">
          <reporter-output>
          </reporter-output>
        </test-method> <!-- setUp -->
        <test-method status="PASS" signature="crmLogoImageTest()[pri:2, instance:com.crm.qa.testcases.LoginPageTest@6d4b1c02]" name="crmLogoImageTest" duration-ms="573" started-at="2020-03-24T20:35:39Z" finished-at="2020-03-24T20:35:40Z">
          <reporter-output>
          </reporter-output>
        </test-method> <!-- crmLogoImageTest -->
        <test-method status="PASS" signature="tearDown()[pri:0, instance:com.crm.qa.testcases.LoginPageTest@6d4b1c02]" name="tearDown" is-config="true" duration-ms="2501" started-at="2020-03-24T20:35:40Z" finished-at="2020-03-24T20:35:42Z">
          <reporter-output>
          </reporter-output>
        </test-method> <!-- tearDown -->
        <test-method status="PASS" signature="setUp()[pri:0, instance:com.crm.qa.testcases.LoginPageTest@6d4b1c02]" name="setUp" is-config="true" duration-ms="8368" started-at="2020-03-24T20:36:16Z" finished-at="2020-03-24T20:36:24Z">
          <reporter-output>
          </reporter-output>
        </test-method> <!-- setUp -->
        <test-method status="PASS" signature="loginTest()[pri:3, instance:com.crm.qa.testcases.LoginPageTest@6d4b1c02]" name="loginTest" duration-ms="1743" started-at="2020-03-24T20:36:24Z" finished-at="2020-03-24T20:36:26Z">
          <reporter-output>
          </reporter-output>
        </test-method> <!-- loginTest -->
        <test-method status="PASS" signature="tearDown()[pri:0, instance:com.crm.qa.testcases.LoginPageTest@6d4b1c02]" name="tearDown" is-config="true" duration-ms="2607" started-at="2020-03-24T20:36:26Z" finished-at="2020-03-24T20:36:29Z">
          <reporter-output>
          </reporter-output>
        </test-method> <!-- tearDown -->
      </class> <!-- com.crm.qa.testcases.LoginPageTest -->
    </test> <!-- Free CRM App Test Cases -->
  </suite> <!-- FREE CRM Application Test Automation Test Suite -->
</testng-results>
